# Logfile created on 2016-10-09 22:34:31 +0700 by logger.rb/53141
F, [2016-10-14T00:41:20.925597 #62015] FATAL -- : unique_name is missing, display_text is missing
F, [2016-10-14T00:41:20.926534 #62015] FATAL -- : /Users/thanhpham/.rvm/gems/ruby-2.3.0/gems/grape-0.15.0/lib/grape/endpoint.rb:346:in `run_validators'
/Users/thanhpham/.rvm/gems/ruby-2.3.0/gems/grape-0.15.0/lib/grape/endpoint.rb:245:in `block in run'
/Users/thanhpham/.rvm/gems/ruby-2.3.0@global/gems/activesupport-4.2.6/lib/active_support/notifications.rb:166:in `instrument'
/Users/thanhpham/.rvm/gems/ruby-2.3.0/gems/grape-0.15.0/lib/grape/endpoint.rb:230:in `run'
/Users/thanhpham/.rvm/gems/ruby-2.3.0/gems/grape-0.15.0/lib/grape/endpoint.rb:300:in `block in build_stack'
/Users/thanhpham/.rvm/gems/ruby-2.3.0/gems/grape-0.15.0/lib/grape/middleware/base.rb:30:in `call!'
/Users/thanhpham/.rvm/gems/ruby-2.3.0/gems/grape-0.15.0/lib/grape/middleware/base.rb:23:in `call'
/Users/thanhpham/.rvm/gems/ruby-2.3.0/gems/grape-0.15.0/lib/grape/middleware/base.rb:30:in `call!'
/Users/thanhpham/.rvm/gems/ruby-2.3.0/gems/grape-0.15.0/lib/grape/middleware/base.rb:23:in `call'
/Users/thanhpham/.rvm/gems/ruby-2.3.0/gems/grape-0.15.0/lib/grape/middleware/error.rb:29:in `block in call!'
/Users/thanhpham/.rvm/gems/ruby-2.3.0/gems/grape-0.15.0/lib/grape/middleware/error.rb:28:in `catch'
/Users/thanhpham/.rvm/gems/ruby-2.3.0/gems/grape-0.15.0/lib/grape/middleware/error.rb:28:in `call!'
/Users/thanhpham/.rvm/gems/ruby-2.3.0/gems/grape-0.15.0/lib/grape/middleware/base.rb:23:in `call'
/Users/thanhpham/.rvm/gems/ruby-2.3.0@global/gems/rack-1.6.4/lib/rack/head.rb:13:in `call'
/Users/thanhpham/.rvm/gems/ruby-2.3.0/gems/grape-0.15.0/lib/grape/endpoint.rb:214:in `call!'
/Users/thanhpham/.rvm/gems/ruby-2.3.0/gems/grape-0.15.0/lib/grape/endpoint.rb:208:in `call'
/Users/thanhpham/.rvm/gems/ruby-2.3.0/gems/rack-mount-0.8.3/lib/rack/mount/route_set.rb:152:in `block in call'
/Users/thanhpham/.rvm/gems/ruby-2.3.0/gems/rack-mount-0.8.3/lib/rack/mount/code_generation.rb:96:in `block in recognize'
/Users/thanhpham/.rvm/gems/ruby-2.3.0/gems/rack-mount-0.8.3/lib/rack/mount/code_generation.rb:75:in `optimized_each'
/Users/thanhpham/.rvm/gems/ruby-2.3.0/gems/rack-mount-0.8.3/lib/rack/mount/code_generation.rb:95:in `recognize'
/Users/thanhpham/.rvm/gems/ruby-2.3.0/gems/rack-mount-0.8.3/lib/rack/mount/route_set.rb:141:in `call'
/Users/thanhpham/.rvm/gems/ruby-2.3.0/gems/grape-0.15.0/lib/grape/api.rb:101:in `call'
/Users/thanhpham/.rvm/gems/ruby-2.3.0/gems/grape-0.15.0/lib/grape/api.rb:43:in `call!'
/Users/thanhpham/.rvm/gems/ruby-2.3.0/gems/grape-0.15.0/lib/grape/api.rb:38:in `call'
/Users/thanhpham/.rvm/gems/ruby-2.3.0@global/gems/rack-1.6.4/lib/rack/cascade.rb:33:in `block in call'
/Users/thanhpham/.rvm/gems/ruby-2.3.0@global/gems/rack-1.6.4/lib/rack/cascade.rb:24:in `each'
/Users/thanhpham/.rvm/gems/ruby-2.3.0@global/gems/rack-1.6.4/lib/rack/cascade.rb:24:in `call'
/Users/thanhpham/.rvm/gems/ruby-2.3.0@global/gems/rack-1.6.4/lib/rack/methodoverride.rb:22:in `call'
/Users/thanhpham/.rvm/gems/ruby-2.3.0@global/gems/activerecord-4.2.6/lib/active_record/connection_adapters/abstract/connection_pool.rb:653:in `call'
/Users/thanhpham/.rvm/gems/ruby-2.3.0/gems/thin-1.6.4/lib/thin/connection.rb:86:in `block in pre_process'
/Users/thanhpham/.rvm/gems/ruby-2.3.0/gems/thin-1.6.4/lib/thin/connection.rb:84:in `catch'
/Users/thanhpham/.rvm/gems/ruby-2.3.0/gems/thin-1.6.4/lib/thin/connection.rb:84:in `pre_process'
/Users/thanhpham/.rvm/gems/ruby-2.3.0/gems/thin-1.6.4/lib/thin/connection.rb:53:in `process'
/Users/thanhpham/.rvm/gems/ruby-2.3.0/gems/thin-1.6.4/lib/thin/connection.rb:39:in `receive_data'
/Users/thanhpham/.rvm/gems/ruby-2.3.0/gems/eventmachine-1.2.0.1/lib/eventmachine.rb:194:in `run_machine'
/Users/thanhpham/.rvm/gems/ruby-2.3.0/gems/eventmachine-1.2.0.1/lib/eventmachine.rb:194:in `run'
/Users/thanhpham/.rvm/gems/ruby-2.3.0/gems/thin-1.6.4/lib/thin/backends/base.rb:73:in `start'
/Users/thanhpham/.rvm/gems/ruby-2.3.0/gems/thin-1.6.4/lib/thin/server.rb:162:in `start'
/Users/thanhpham/.rvm/gems/ruby-2.3.0/gems/thin-1.6.4/lib/thin/controllers/controller.rb:87:in `start'
/Users/thanhpham/.rvm/gems/ruby-2.3.0/gems/thin-1.6.4/lib/thin/runner.rb:200:in `run_command'
/Users/thanhpham/.rvm/gems/ruby-2.3.0/gems/thin-1.6.4/lib/thin/runner.rb:156:in `run!'
/Users/thanhpham/.rvm/gems/ruby-2.3.0/gems/thin-1.6.4/bin/thin:6:in `<top (required)>'
/Users/thanhpham/.rvm/gems/ruby-2.3.0/bin/thin:22:in `load'
/Users/thanhpham/.rvm/gems/ruby-2.3.0/bin/thin:22:in `<main>'
/Users/thanhpham/.rvm/gems/ruby-2.3.0/bin/ruby_executable_hooks:15:in `eval'
/Users/thanhpham/.rvm/gems/ruby-2.3.0/bin/ruby_executable_hooks:15:in `<main>'
